<?xml version="1.0" encoding="UTF-8"?>
<testng-results ignored="0" total="1" passed="1" failed="0" skipped="0">
  <reporter-output>
  </reporter-output>
  <suite started-at="2022-10-25T20:06:53 IST" name="Default suite" finished-at="2022-10-25T20:07:39 IST" duration-ms="46240">
    <groups>
    </groups>
    <test started-at="2022-10-25T20:06:53 IST" name="Default test" finished-at="2022-10-25T20:07:39 IST" duration-ms="46240">
      <class name="test.NewTest">
        <test-method is-config="true" signature="beforeTest()[pri:0, instance:test.NewTest@2b662a77]" started-at="2022-10-25T20:06:53 IST" name="beforeTest" finished-at="2022-10-25T20:06:54 IST" duration-ms="1163" status="PASS">
          <reporter-output>
          </reporter-output>
        </test-method> <!-- beforeTest -->
        <test-method signature="f()[pri:0, instance:test.NewTest@2b662a77]" started-at="2022-10-25T20:06:54 IST" name="f" finished-at="2022-10-25T20:07:38 IST" duration-ms="43655" status="PASS">
          <reporter-output>
          </reporter-output>
        </test-method> <!-- f -->
        <test-method is-config="true" signature="afterTest()[pri:0, instance:test.NewTest@2b662a77]" started-at="2022-10-25T20:07:38 IST" name="afterTest" finished-at="2022-10-25T20:07:39 IST" duration-ms="1256" status="PASS">
          <reporter-output>
          </reporter-output>
        </test-method> <!-- afterTest -->
      </class> <!-- test.NewTest -->
    </test> <!-- Default test -->
  </suite> <!-- Default suite -->
</testng-results>
